<?xml version="1.0" encoding="UTF-8"?>
<!-- Generated by org.testng.reporters.JUnitReportReporter -->
<testsuite hostname="LAPTOP-PQ9GH8V5" failures="0" tests="3" name="TestNg.DtaProvider" time="58.365" errors="0" timestamp="2021-03-07T10:40:57 IST" skipped="0">
  <testcase classname="TestNg.DtaProvider" name="login" time="7.472"/>
  <system-out/>
  <testcase classname="TestNg.DtaProvider" name="login" time="23.747"/>
  <system-out/>
  <testcase classname="TestNg.DtaProvider" name="login" time="27.146"/>
  <system-out/>
</testsuite> <!-- TestNg.DtaProvider -->
