<?xml version="1.0" encoding="UTF-8"?>
<!-- Generated by org.testng.reporters.JUnitReportReporter -->
<testsuite hostname="LAPTOP-PQ9GH8V5" failures="0" tests="1" name="TestNg.Basic1" time="0.028" errors="0" timestamp="2021-03-01T22:51:01 IST" skipped="0">
  <testcase classname="TestNg.Basic1" name="m1" time="0.028"/>
  <system-out/>
</testsuite> <!-- TestNg.Basic1 -->
