<?xml version="1.0" encoding="UTF-8"?>
<!-- Generated by org.testng.reporters.JUnitReportReporter -->
<testsuite hostname="LAPTOP-PQ9GH8V5" failures="0" tests="1" name="TestNg.Para" time="0.015" errors="0" timestamp="2021-03-01T23:05:09 IST" skipped="0">
  <testcase classname="TestNg.Para" name="login" time="0.015"/>
  <system-out/>
</testsuite> <!-- TestNg.Para -->
